{"/Users/dellaizadi/Projects/bank-tech-test/bank-tech-test/account.js": {"path":"/Users/dellaizadi/Projects/bank-tech-test/bank-tech-test/account.js","statementMap":{"0":{"start":{"line":5,"column":4},"end":{"line":5,"column":27}},"1":{"start":{"line":7,"column":4},"end":{"line":7,"column":21}},"2":{"start":{"line":13,"column":4},"end":{"line":13,"column":27}},"3":{"start":{"line":16,"column":4},"end":{"line":16,"column":76}},"4":{"start":{"line":21,"column":4},"end":{"line":26,"column":5}},"5":{"start":{"line":22,"column":6},"end":{"line":22,"column":29}},"6":{"start":{"line":23,"column":6},"end":{"line":23,"column":77}},"7":{"start":{"line":25,"column":6},"end":{"line":25,"column":69}},"8":{"start":{"line":31,"column":16},"end":{"line":31,"column":55}},"9":{"start":{"line":32,"column":18},"end":{"line":32,"column":62}},"10":{"start":{"line":33,"column":17},"end":{"line":33,"column":43}},"11":{"start":{"line":34,"column":4},"end":{"line":34,"column":37}},"12":{"start":{"line":39,"column":4},"end":{"line":39,"column":54}},"13":{"start":{"line":43,"column":4},"end":{"line":56,"column":5}},"14":{"start":{"line":43,"column":17},"end":{"line":43,"column":45}},"15":{"start":{"line":45,"column":26},"end":{"line":45,"column":46}},"16":{"start":{"line":46,"column":47},"end":{"line":46,"column":58}},"17":{"start":{"line":48,"column":28},"end":{"line":48,"column":49}},"18":{"start":{"line":52,"column":31},"end":{"line":52,"column":62}},"19":{"start":{"line":53,"column":30},"end":{"line":53,"column":59}},"20":{"start":{"line":55,"column":6},"end":{"line":55,"column":106}},"21":{"start":{"line":61,"column":16},"end":{"line":61,"column":29}},"22":{"start":{"line":64,"column":0},"end":{"line":64,"column":45}},"23":{"start":{"line":65,"column":0},"end":{"line":65,"column":45}},"24":{"start":{"line":66,"column":0},"end":{"line":66,"column":42}},"25":{"start":{"line":68,"column":0},"end":{"line":68,"column":25}},"26":{"start":{"line":71,"column":0},"end":{"line":71,"column":25}}},"fnMap":{"0":{"name":"(anonymous_0)","decl":{"start":{"line":3,"column":2},"end":{"line":3,"column":3}},"loc":{"start":{"line":3,"column":16},"end":{"line":8,"column":3}},"line":3},"1":{"name":"(anonymous_1)","decl":{"start":{"line":11,"column":2},"end":{"line":11,"column":3}},"loc":{"start":{"line":11,"column":24},"end":{"line":17,"column":3}},"line":11},"2":{"name":"(anonymous_2)","decl":{"start":{"line":19,"column":2},"end":{"line":19,"column":3}},"loc":{"start":{"line":19,"column":22},"end":{"line":27,"column":3}},"line":19},"3":{"name":"(anonymous_3)","decl":{"start":{"line":30,"column":2},"end":{"line":30,"column":3}},"loc":{"start":{"line":30,"column":19},"end":{"line":35,"column":3}},"line":30},"4":{"name":"(anonymous_4)","decl":{"start":{"line":38,"column":2},"end":{"line":38,"column":3}},"loc":{"start":{"line":38,"column":19},"end":{"line":57,"column":3}},"line":38}},"branchMap":{"0":{"loc":{"start":{"line":21,"column":4},"end":{"line":26,"column":5}},"type":"if","locations":[{"start":{"line":21,"column":4},"end":{"line":26,"column":5}},{"start":{"line":24,"column":11},"end":{"line":26,"column":5}}],"line":21},"1":{"loc":{"start":{"line":52,"column":31},"end":{"line":52,"column":62}},"type":"cond-expr","locations":[{"start":{"line":52,"column":40},"end":{"line":52,"column":57}},{"start":{"line":52,"column":60},"end":{"line":52,"column":62}}],"line":52},"2":{"loc":{"start":{"line":53,"column":30},"end":{"line":53,"column":59}},"type":"cond-expr","locations":[{"start":{"line":53,"column":38},"end":{"line":53,"column":54}},{"start":{"line":53,"column":57},"end":{"line":53,"column":59}}],"line":53}},"s":{"0":6,"1":6,"2":9,"3":9,"4":4,"5":3,"6":3,"7":1,"8":7,"9":7,"10":7,"11":7,"12":2,"13":2,"14":2,"15":6,"16":6,"17":6,"18":6,"19":6,"20":6,"21":1,"22":1,"23":1,"24":1,"25":1,"26":1},"f":{"0":6,"1":9,"2":4,"3":7,"4":2},"b":{"0":[3,1],"1":[4,2],"2":[2,4]},"_coverageSchema":"1a1c01bbd47fc00a2c39e90264f33305004495a9","hash":"d63de9e19de3f3ae2564456b2809a4287ffeb6f5"}
}
