TN:
SF:account.js
FN:3,(anonymous_0)
FN:11,(anonymous_1)
FN:19,(anonymous_2)
FN:30,(anonymous_3)
FN:38,(anonymous_4)
FNF:5
FNH:5
FNDA:6,(anonymous_0)
FNDA:9,(anonymous_1)
FNDA:4,(anonymous_2)
FNDA:7,(anonymous_3)
FNDA:2,(anonymous_4)
DA:5,6
DA:7,6
DA:13,9
DA:16,9
DA:21,4
DA:22,3
DA:23,3
DA:25,1
DA:31,7
DA:32,7
DA:33,7
DA:34,7
DA:39,2
DA:43,2
DA:45,6
DA:46,6
DA:48,6
DA:52,6
DA:53,6
DA:55,6
DA:61,1
DA:64,1
DA:65,1
DA:66,1
DA:68,1
DA:71,1
LF:26
LH:26
BRDA:21,0,0,3
BRDA:21,0,1,1
BRDA:52,1,0,4
BRDA:52,1,1,2
BRDA:53,2,0,2
BRDA:53,2,1,4
BRF:6
BRH:6
end_of_record
